<?xml version="1.0" encoding="UTF-8"?>
<!-- Generated by org.testng.reporters.JUnitReportReporter -->
<testsuite hostname="MAHENDRA--P" failures="0" tests="1" name="mavenforjenkins.UITest" time="12.356" errors="0" timestamp="2023-05-26T16:43:19 IST" skipped="0">
  <testcase classname="mavenforjenkins.UITest" name="startBrowser" time="12.356"/>
  <system-out/>
</testsuite> <!-- mavenforjenkins.UITest -->
